********************************************************************************
DUPLICATOR-LITE PACKAGE-LOG: 17/06/2019 08:13
NOTICE: Do NOT post to public sites or forums 
********************************************************************************
VERSION:	1.2.48
WORDPRESS:	4.9.10
PHP INFO:	7.1.1 | SAPI: apache2handler
SERVER:		Apache/2.4.25 (Win32) OpenSSL/1.0.2j PHP/7.1.1 
PHP TIME LIMIT: (0) no time limit imposed 
PHP MAX MEMORY: 2048M (128M default) 
MEMORY STACK: 4MB 

********************************************************************************
DATABASE:
********************************************************************************
BUILD MODE:   MYSQLDUMP
MYSQLTIMEOUT: 5000
MYSQLDUMP:    Is Supported 
FILTERED: [] 
RESPONSE: Ran from C:/xampp/mysql/bin/mysqldump.exe 
TABLES: total:51 | filtered:0 | create:51 
SQL CREATED: 20190610_aplikasi_timbangan_3331753751004b3b3061_20190617080907_database.sql 
SQL FILE SIZE: 1.44MB (1512267) 
SQL FILE TIME: 2019-06-17 08:13:28 
SQL RUNTIME: 2.60 sec. 

******************************************************************************** 
ARCHIVE (ZIP): 
******************************************************************************** 
ARCHIVE DIR:  C:/xampp/htdocs/timbangan 
ARCHIVE FILE: 20190610_aplikasi_timbangan_3331753751004b3b3061_20190617080907_archive.zip 
FILTERS: *ON* 
DIRS:
	C:/xampp/htdocs/timbangan/.git/modules/app/akuntansi/objects/pack
	C:/xampp/htdocs/timbangan/.git/objects/d5 
FILES:
	not set 
EXTS:  not set 
---------------------------------------- 
COMPRESSING 
SIZE:	130.53MB 
STATS:	Dirs 1,040 | Files 6,272 
SQL ADDED: 20190610_aplikasi_timbangan_3331753751004b3b3061_20190617080907_database.sql 
ZipArchive Object
(
    [status] => 0
    [statusSys] => 0
    [numFiles] => 7312
    [filename] => C:\xampp\htdocs\timbangan\wp-snapshots\tmp\20190610_aplikasi_timbangan_3331753751004b3b3061_20190617080907_archive.zip
    [comment] => 
)
 
COMPRESSION RESULT: '1' 
COMPRESSED SIZE: 56.43MB 
ARCHIVE RUNTIME: 205.90 sec. 
MEMORY STACK: 6MB 

******************************************************************************** 
MAKE INSTALLER: 
******************************************************************************** 
Build Start 
Build Finished 
Preparing for use 
PACK SIZE:  
Template parsed with new data 
Complete [C:/xampp/htdocs/timbangan/wp-snapshots/tmp/20190610_aplikasi_timbangan_3331753751004b3b3061_20190617080907_installer.php] 
Added to archive 

******************************************************************************** 
INTEGRITY CHECKS: 
******************************************************************************** 
SQL File: 1.44MB 
Installer File: 474.17KB 
Archive File: 56.43MB  

********************************************************************************
RECORD ID:[1]
TOTAL PROCESS RUNTIME: 211.63 sec.
PEAK PHP MEMORY USED: 6MB
DONE PROCESSING => 20190610_aplikasi_timbangan 17/06/2019 08:16
 
