********************************************************************************
DUPLICATOR-LITE PACKAGE-LOG: 02/07/2019 00:09
NOTICE: Do NOT post to public sites or forums 
********************************************************************************
VERSION:	1.2.48
WORDPRESS:	4.9.10
PHP INFO:	7.1.1 | SAPI: apache2handler
SERVER:		Apache/2.4.25 (Win32) OpenSSL/1.0.2j PHP/7.1.1 
PHP TIME LIMIT: (0) no time limit imposed 
PHP MAX MEMORY: 2048M (128M default) 
MEMORY STACK: 4MB 

********************************************************************************
DATABASE:
********************************************************************************
BUILD MODE:   MYSQLDUMP
MYSQLTIMEOUT: 5000
MYSQLDUMP:    Is Supported 
FILTERED: [] 
RESPONSE: Ran from C:/xampp/mysql/bin/mysqldump.exe 
TABLES: total:51 | filtered:0 | create:51 
SQL CREATED: 20190610_aplikasi_timbangan_32190c817d6496381034_20190702000637_database.sql 
SQL FILE SIZE: 1.47MB (1536503) 
SQL FILE TIME: 2019-07-02 00:10:03 
SQL RUNTIME: 4.26 sec. 

******************************************************************************** 
ARCHIVE (ZIP): 
******************************************************************************** 
ARCHIVE DIR:  C:/xampp/htdocs/timbangan 
ARCHIVE FILE: 20190610_aplikasi_timbangan_32190c817d6496381034_20190702000637_archive.zip 
FILTERS: *ON* 
DIRS:
	C:/xampp/htdocs/timbangan/.git/modules/app/akuntansi/objects/pack
	C:/xampp/htdocs/timbangan/.git/objects/23
	C:/xampp/htdocs/timbangan/.git/objects/d5
	C:/xampp/htdocs/timbangan/.git/objects/pack 
FILES:
	not set 
EXTS:  not set 
---------------------------------------- 
COMPRESSING 
SIZE:	109.86MB 
STATS:	Dirs 1,242 | Files 6,686 
SQL ADDED: 20190610_aplikasi_timbangan_32190c817d6496381034_20190702000637_database.sql 
ZipArchive Object
(
    [status] => 0
    [statusSys] => 0
    [numFiles] => 7928
    [filename] => C:\xampp\htdocs\timbangan\wp-snapshots\tmp\20190610_aplikasi_timbangan_32190c817d6496381034_20190702000637_archive.zip
    [comment] => 
)
 
COMPRESSION RESULT: '1' 
COMPRESSED SIZE: 35.94MB 
ARCHIVE RUNTIME: 159.02 sec. 
MEMORY STACK: 6MB 

******************************************************************************** 
MAKE INSTALLER: 
******************************************************************************** 
Build Start 
Build Finished 
Preparing for use 
PACK SIZE:  
Template parsed with new data 
Complete [C:/xampp/htdocs/timbangan/wp-snapshots/tmp/20190610_aplikasi_timbangan_32190c817d6496381034_20190702000637_installer.php] 
Added to archive 

******************************************************************************** 
INTEGRITY CHECKS: 
******************************************************************************** 
SQL File: 1.47MB 
Installer File: 474.17KB 
Archive File: 35.94MB  

********************************************************************************
RECORD ID:[2]
TOTAL PROCESS RUNTIME: 167.42 sec.
PEAK PHP MEMORY USED: 6MB
DONE PROCESSING => 20190610_aplikasi_timbangan 02/07/2019 00:12
 
