********************************************************************************
DUPLICATOR-LITE PACKAGE-LOG: 03/07/2019 06:13
NOTICE: Do NOT post to public sites or forums 
********************************************************************************
VERSION:	1.2.48
WORDPRESS:	4.9.10
PHP INFO:	7.1.1 | SAPI: apache2handler
SERVER:		Apache/2.4.25 (Win32) OpenSSL/1.0.2j PHP/7.1.1 
PHP TIME LIMIT: (0) no time limit imposed 
PHP MAX MEMORY: 2048M (128M default) 
MEMORY STACK: 6MB 

********************************************************************************
DATABASE:
********************************************************************************
BUILD MODE:   MYSQLDUMP
MYSQLTIMEOUT: 5000
MYSQLDUMP:    Is Supported 
FILTERED: [] 
RESPONSE: Ran from C:/xampp/mysql/bin/mysqldump.exe 
TABLES: total:51 | filtered:0 | create:51 
SQL CREATED: 20190703aplikasi_timbangan_490c2ee6df112ad58202_20190703061239_database.sql 
SQL FILE SIZE: 1.46MB (1535721) 
SQL FILE TIME: 2019-07-03 06:13:23 
SQL RUNTIME: 3.95 sec. 

******************************************************************************** 
ARCHIVE (ZIP): 
******************************************************************************** 
ARCHIVE DIR:  C:/xampp/htdocs/timbangan 
ARCHIVE FILE: 20190703aplikasi_timbangan_490c2ee6df112ad58202_20190703061239_archive.zip 
FILTERS: *ON* 
DIRS:
	C:/xampp/htdocs/timbangan/.git/modules/app/akuntansi/objects/pack
	C:/xampp/htdocs/timbangan/.git/objects/23
	C:/xampp/htdocs/timbangan/.git/objects/d5
	C:/xampp/htdocs/timbangan/.git/objects/pack 
FILES:
	not set 
EXTS:  not set 
---------------------------------------- 
COMPRESSING 
SIZE:	109.92MB 
STATS:	Dirs 1,254 | Files 6,737 
SQL ADDED: 20190703aplikasi_timbangan_490c2ee6df112ad58202_20190703061239_database.sql 
ZipArchive Object
(
    [status] => 0
    [statusSys] => 0
    [numFiles] => 7991
    [filename] => C:\xampp\htdocs\timbangan\wp-snapshots\tmp\20190703aplikasi_timbangan_490c2ee6df112ad58202_20190703061239_archive.zip
    [comment] => 
)
 
COMPRESSION RESULT: '1' 
COMPRESSED SIZE: 35.98MB 
ARCHIVE RUNTIME: 132.20 sec. 
MEMORY STACK: 8MB 

******************************************************************************** 
MAKE INSTALLER: 
******************************************************************************** 
Build Start 
Build Finished 
Preparing for use 
PACK SIZE:  
Template parsed with new data 
Complete [C:/xampp/htdocs/timbangan/wp-snapshots/tmp/20190703aplikasi_timbangan_490c2ee6df112ad58202_20190703061239_installer.php] 
Added to archive 

******************************************************************************** 
INTEGRITY CHECKS: 
******************************************************************************** 
SQL File: 1.46MB 
Installer File: 474.17KB 
Archive File: 35.98MB  

********************************************************************************
RECORD ID:[3]
TOTAL PROCESS RUNTIME: 140.72 sec.
PEAK PHP MEMORY USED: 8MB
DONE PROCESSING => 20190703aplikasi_timbangan 03/07/2019 06:15
 
